Compiled jquery.js  (2ms)  (pid 11137)
Compiled jquery_ujs.js  (0ms)  (pid 11137)
Compiled twitter/bootstrap/bootstrap-transition.js  (0ms)  (pid 11137)
Compiled twitter/bootstrap/bootstrap-alert.js  (0ms)  (pid 11137)
Compiled twitter/bootstrap/bootstrap-modal.js  (0ms)  (pid 11137)
Compiled twitter/bootstrap/bootstrap-dropdown.js  (0ms)  (pid 11137)
Compiled twitter/bootstrap/bootstrap-scrollspy.js  (0ms)  (pid 11137)
Compiled twitter/bootstrap/bootstrap-tab.js  (0ms)  (pid 11137)
Compiled twitter/bootstrap/bootstrap-tooltip.js  (0ms)  (pid 11137)
Compiled twitter/bootstrap/bootstrap-popover.js  (0ms)  (pid 11137)
Compiled twitter/bootstrap/bootstrap-button.js  (0ms)  (pid 11137)
Compiled twitter/bootstrap/bootstrap-collapse.js  (0ms)  (pid 11137)
Compiled twitter/bootstrap/bootstrap-carousel.js  (0ms)  (pid 11137)
Compiled twitter/bootstrap/bootstrap-typeahead.js  (0ms)  (pid 11137)
Compiled twitter/bootstrap/bootstrap-affix.js  (0ms)  (pid 11137)
Compiled twitter/bootstrap.js  (121ms)  (pid 11137)
Compiled application.js  (188ms)  (pid 11137)
Compiled jquery.js  (1ms)  (pid 11263)
Compiled jquery_ujs.js  (0ms)  (pid 11263)
Compiled twitter/bootstrap/bootstrap-transition.js  (0ms)  (pid 11263)
Compiled twitter/bootstrap/bootstrap-alert.js  (0ms)  (pid 11263)
Compiled twitter/bootstrap/bootstrap-modal.js  (0ms)  (pid 11263)
Compiled twitter/bootstrap/bootstrap-dropdown.js  (0ms)  (pid 11263)
Compiled twitter/bootstrap/bootstrap-scrollspy.js  (0ms)  (pid 11263)
Compiled twitter/bootstrap/bootstrap-tab.js  (0ms)  (pid 11263)
Compiled twitter/bootstrap/bootstrap-tooltip.js  (0ms)  (pid 11263)
Compiled twitter/bootstrap/bootstrap-popover.js  (0ms)  (pid 11263)
Compiled twitter/bootstrap/bootstrap-button.js  (0ms)  (pid 11263)
Compiled twitter/bootstrap/bootstrap-collapse.js  (0ms)  (pid 11263)
Compiled twitter/bootstrap/bootstrap-carousel.js  (0ms)  (pid 11263)
Compiled twitter/bootstrap/bootstrap-typeahead.js  (0ms)  (pid 11263)
Compiled twitter/bootstrap/bootstrap-affix.js  (0ms)  (pid 11263)
Compiled twitter/bootstrap.js  (68ms)  (pid 11263)
Compiled application.js  (126ms)  (pid 11263)
Compiled jquery.fileupload-ui.css  (0ms)  (pid 11263)
Compiled about.css  (19ms)  (pid 11263)
Compiled twitter-bootstrap-static/bootstrap.css  (33ms)  (pid 11263)
Compiled twitter-bootstrap-static/fontawesome.css  (15ms)  (pid 11263)
Compiled bootstrap_and_overrides.css  (92ms)  (pid 11263)
Compiled admin.css  (133ms)  (pid 11263)
Compiled ccl.min.css  (0ms)  (pid 11263)
Compiled ccl_common.css  (0ms)  (pid 11263)
Compiled ccl_thema.min.css  (0ms)  (pid 11263)
Compiled flexslider.css  (0ms)  (pid 11263)
Compiled jquery.mobile-1.3.1.min.css  (0ms)  (pid 11263)
Compiled jquery.mobile.structure-1.3.1.min.css  (0ms)  (pid 11263)
Compiled popup.css  (0ms)  (pid 11263)
Compiled main.css  (7ms)  (pid 11263)
Compiled application.css  (241ms)  (pid 11263)
Compiled jquery.js  (1ms)  (pid 11707)
Compiled jquery_ujs.js  (0ms)  (pid 11707)
Compiled twitter/bootstrap/bootstrap-transition.js  (0ms)  (pid 11707)
Compiled twitter/bootstrap/bootstrap-alert.js  (0ms)  (pid 11707)
Compiled twitter/bootstrap/bootstrap-modal.js  (0ms)  (pid 11707)
Compiled twitter/bootstrap/bootstrap-dropdown.js  (0ms)  (pid 11707)
Compiled twitter/bootstrap/bootstrap-scrollspy.js  (0ms)  (pid 11707)
Compiled twitter/bootstrap/bootstrap-tab.js  (0ms)  (pid 11707)
Compiled twitter/bootstrap/bootstrap-tooltip.js  (0ms)  (pid 11707)
Compiled twitter/bootstrap/bootstrap-popover.js  (0ms)  (pid 11707)
Compiled twitter/bootstrap/bootstrap-button.js  (0ms)  (pid 11707)
Compiled twitter/bootstrap/bootstrap-collapse.js  (0ms)  (pid 11707)
Compiled twitter/bootstrap/bootstrap-carousel.js  (0ms)  (pid 11707)
Compiled twitter/bootstrap/bootstrap-typeahead.js  (0ms)  (pid 11707)
Compiled twitter/bootstrap/bootstrap-affix.js  (0ms)  (pid 11707)
Compiled twitter/bootstrap.js  (68ms)  (pid 11707)
Compiled application.js  (126ms)  (pid 11707)
Compiled jquery.fileupload-ui.css  (0ms)  (pid 11707)
Compiled about.css  (5ms)  (pid 11707)
Compiled twitter-bootstrap-static/bootstrap.css  (33ms)  (pid 11707)
Compiled twitter-bootstrap-static/fontawesome.css  (15ms)  (pid 11707)
Compiled bootstrap_and_overrides.css  (80ms)  (pid 11707)
Compiled admin.css  (121ms)  (pid 11707)
Compiled ccl.min.css  (0ms)  (pid 11707)
Compiled ccl_common.css  (0ms)  (pid 11707)
Compiled ccl_thema.min.css  (0ms)  (pid 11707)
Compiled flexslider.css  (0ms)  (pid 11707)
Compiled jquery.mobile-1.3.1.min.css  (0ms)  (pid 11707)
Compiled jquery.mobile.structure-1.3.1.min.css  (0ms)  (pid 11707)
Compiled popup.css  (0ms)  (pid 11707)
Compiled main.css  (5ms)  (pid 11707)
Compiled application.css  (181ms)  (pid 11707)
Compiled jquery.js  (1ms)  (pid 11806)
Compiled jquery_ujs.js  (0ms)  (pid 11806)
Compiled twitter/bootstrap/bootstrap-transition.js  (0ms)  (pid 11806)
Compiled twitter/bootstrap/bootstrap-alert.js  (0ms)  (pid 11806)
Compiled twitter/bootstrap/bootstrap-modal.js  (0ms)  (pid 11806)
Compiled twitter/bootstrap/bootstrap-dropdown.js  (0ms)  (pid 11806)
Compiled twitter/bootstrap/bootstrap-scrollspy.js  (0ms)  (pid 11806)
Compiled twitter/bootstrap/bootstrap-tab.js  (23ms)  (pid 11806)
Compiled twitter/bootstrap/bootstrap-tooltip.js  (0ms)  (pid 11806)
Compiled twitter/bootstrap/bootstrap-popover.js  (0ms)  (pid 11806)
Compiled twitter/bootstrap/bootstrap-button.js  (0ms)  (pid 11806)
Compiled twitter/bootstrap/bootstrap-collapse.js  (0ms)  (pid 11806)
Compiled twitter/bootstrap/bootstrap-carousel.js  (0ms)  (pid 11806)
Compiled twitter/bootstrap/bootstrap-typeahead.js  (0ms)  (pid 11806)
Compiled twitter/bootstrap/bootstrap-affix.js  (0ms)  (pid 11806)
Compiled twitter/bootstrap.js  (92ms)  (pid 11806)
Compiled application.js  (127ms)  (pid 11806)
Compiled jquery.fileupload-ui.css  (0ms)  (pid 11806)
Compiled about.css  (27ms)  (pid 11806)
Compiled twitter-bootstrap-static/bootstrap.css  (56ms)  (pid 11806)
Compiled twitter-bootstrap-static/fontawesome.css  (15ms)  (pid 11806)
Compiled bootstrap_and_overrides.css  (103ms)  (pid 11806)
Compiled admin.css  (121ms)  (pid 11806)
Compiled ccl.min.css  (0ms)  (pid 11806)
Compiled ccl_common.css  (0ms)  (pid 11806)
Compiled ccl_thema.min.css  (0ms)  (pid 11806)
Compiled flexslider.css  (0ms)  (pid 11806)
Compiled jquery.mobile-1.3.1.min.css  (0ms)  (pid 11806)
Compiled jquery.mobile.structure-1.3.1.min.css  (0ms)  (pid 11806)
Compiled popup.css  (0ms)  (pid 11806)
Compiled main.css  (5ms)  (pid 11806)
Compiled application.css  (204ms)  (pid 11806)
Compiled jquery.js  (1ms)  (pid 11806)
Compiled jquery_ujs.js  (0ms)  (pid 11806)
Compiled twitter/bootstrap/bootstrap-transition.js  (0ms)  (pid 11806)
Compiled twitter/bootstrap/bootstrap-alert.js  (0ms)  (pid 11806)
Compiled twitter/bootstrap/bootstrap-modal.js  (0ms)  (pid 11806)
Compiled twitter/bootstrap/bootstrap-dropdown.js  (0ms)  (pid 11806)
Compiled twitter/bootstrap/bootstrap-scrollspy.js  (0ms)  (pid 11806)
Compiled twitter/bootstrap/bootstrap-tab.js  (0ms)  (pid 11806)
Compiled twitter/bootstrap/bootstrap-tooltip.js  (0ms)  (pid 11806)
Compiled twitter/bootstrap/bootstrap-popover.js  (0ms)  (pid 11806)
Compiled twitter/bootstrap/bootstrap-button.js  (0ms)  (pid 11806)
Compiled twitter/bootstrap/bootstrap-collapse.js  (0ms)  (pid 11806)
Compiled twitter/bootstrap/bootstrap-carousel.js  (0ms)  (pid 11806)
Compiled twitter/bootstrap/bootstrap-typeahead.js  (0ms)  (pid 11806)
Compiled twitter/bootstrap/bootstrap-affix.js  (0ms)  (pid 11806)
Compiled twitter/bootstrap.js  (67ms)  (pid 11806)
Compiled application.js  (102ms)  (pid 11806)
Compiled jquery.fileupload-ui.css  (0ms)  (pid 11806)
Compiled about.css  (5ms)  (pid 11806)
Compiled twitter-bootstrap-static/bootstrap.css  (33ms)  (pid 11806)
Compiled twitter-bootstrap-static/fontawesome.css  (9ms)  (pid 11806)
Compiled bootstrap_and_overrides.css  (74ms)  (pid 11806)
Compiled admin.css  (89ms)  (pid 11806)
Compiled ccl.min.css  (0ms)  (pid 11806)
Compiled ccl_common.css  (0ms)  (pid 11806)
Compiled ccl_thema.min.css  (23ms)  (pid 11806)
Compiled flexslider.css  (0ms)  (pid 11806)
Compiled jquery.mobile-1.3.1.min.css  (0ms)  (pid 11806)
Compiled jquery.mobile.structure-1.3.1.min.css  (0ms)  (pid 11806)
Compiled popup.css  (0ms)  (pid 11806)
Compiled main.css  (5ms)  (pid 11806)
Compiled application.css  (171ms)  (pid 11806)
Compiled jquery.js  (1ms)  (pid 14724)
Compiled jquery_ujs.js  (0ms)  (pid 14724)
Compiled twitter/bootstrap/bootstrap-transition.js  (0ms)  (pid 14724)
Compiled twitter/bootstrap/bootstrap-alert.js  (0ms)  (pid 14724)
Compiled twitter/bootstrap/bootstrap-modal.js  (0ms)  (pid 14724)
Compiled twitter/bootstrap/bootstrap-dropdown.js  (0ms)  (pid 14724)
Compiled twitter/bootstrap/bootstrap-scrollspy.js  (0ms)  (pid 14724)
Compiled twitter/bootstrap/bootstrap-tab.js  (0ms)  (pid 14724)
Compiled twitter/bootstrap/bootstrap-tooltip.js  (0ms)  (pid 14724)
Compiled twitter/bootstrap/bootstrap-popover.js  (0ms)  (pid 14724)
Compiled twitter/bootstrap/bootstrap-button.js  (0ms)  (pid 14724)
Compiled twitter/bootstrap/bootstrap-collapse.js  (0ms)  (pid 14724)
Compiled twitter/bootstrap/bootstrap-carousel.js  (0ms)  (pid 14724)
Compiled twitter/bootstrap/bootstrap-typeahead.js  (0ms)  (pid 14724)
Compiled twitter/bootstrap/bootstrap-affix.js  (0ms)  (pid 14724)
Compiled twitter/bootstrap.js  (91ms)  (pid 14724)
Compiled application.js  (127ms)  (pid 14724)
Compiled jquery.fileupload-ui.css  (0ms)  (pid 14724)
Compiled about.css  (5ms)  (pid 14724)
Compiled twitter-bootstrap-static/bootstrap.css  (56ms)  (pid 14724)
Compiled twitter-bootstrap-static/fontawesome.css  (38ms)  (pid 14724)
Compiled bootstrap_and_overrides.css  (104ms)  (pid 14724)
Compiled admin.css  (122ms)  (pid 14724)
Compiled ccl.min.css  (0ms)  (pid 14724)
Compiled ccl_common.css  (0ms)  (pid 14724)
Compiled ccl_thema.min.css  (0ms)  (pid 14724)
Compiled flexslider.css  (0ms)  (pid 14724)
Compiled jquery.mobile-1.3.1.min.css  (0ms)  (pid 14724)
Compiled jquery.mobile.structure-1.3.1.min.css  (0ms)  (pid 14724)
Compiled popup.css  (0ms)  (pid 14724)
Compiled main.css  (5ms)  (pid 14724)
Compiled application.css  (206ms)  (pid 14724)
Compiled jquery.js  (1ms)  (pid 14724)
Compiled jquery_ujs.js  (0ms)  (pid 14724)
Compiled twitter/bootstrap/bootstrap-transition.js  (0ms)  (pid 14724)
Compiled twitter/bootstrap/bootstrap-alert.js  (0ms)  (pid 14724)
Compiled twitter/bootstrap/bootstrap-modal.js  (0ms)  (pid 14724)
Compiled twitter/bootstrap/bootstrap-dropdown.js  (0ms)  (pid 14724)
Compiled twitter/bootstrap/bootstrap-scrollspy.js  (0ms)  (pid 14724)
Compiled twitter/bootstrap/bootstrap-tab.js  (0ms)  (pid 14724)
Compiled twitter/bootstrap/bootstrap-tooltip.js  (0ms)  (pid 14724)
Compiled twitter/bootstrap/bootstrap-popover.js  (0ms)  (pid 14724)
Compiled twitter/bootstrap/bootstrap-button.js  (0ms)  (pid 14724)
Compiled twitter/bootstrap/bootstrap-collapse.js  (0ms)  (pid 14724)
Compiled twitter/bootstrap/bootstrap-carousel.js  (0ms)  (pid 14724)
Compiled twitter/bootstrap/bootstrap-typeahead.js  (0ms)  (pid 14724)
Compiled twitter/bootstrap/bootstrap-affix.js  (0ms)  (pid 14724)
Compiled twitter/bootstrap.js  (89ms)  (pid 14724)
Compiled application.js  (102ms)  (pid 14724)
Compiled jquery.fileupload-ui.css  (0ms)  (pid 14724)
Compiled about.css  (5ms)  (pid 14724)
Compiled twitter-bootstrap-static/bootstrap.css  (34ms)  (pid 14724)
Compiled twitter-bootstrap-static/fontawesome.css  (9ms)  (pid 14724)
Compiled bootstrap_and_overrides.css  (76ms)  (pid 14724)
Compiled admin.css  (114ms)  (pid 14724)
Compiled ccl.min.css  (0ms)  (pid 14724)
Compiled ccl_common.css  (0ms)  (pid 14724)
Compiled ccl_thema.min.css  (0ms)  (pid 14724)
Compiled flexslider.css  (0ms)  (pid 14724)
Compiled jquery.mobile-1.3.1.min.css  (0ms)  (pid 14724)
Compiled jquery.mobile.structure-1.3.1.min.css  (0ms)  (pid 14724)
Compiled popup.css  (0ms)  (pid 14724)
Compiled main.css  (5ms)  (pid 14724)
Compiled application.css  (175ms)  (pid 14724)
